Build started 14/01/2016 12:41:26 PM.
     1>Project "C:\Users\peter\Documents\Visual Studio 2015\Projects\MotionBasedClassifier\MotionBasedClassifier\MotionBasedClassifier.vcxproj" on node 2 (Build target(s)).
     1>ClCompile:
         C:\Program Files (x86)\Microsoft Visual Studio 14.0\VC\bin\x86_amd64\CL.exe /c /IC:\opencv\build\x64\vc12\..\..\include /Zi /nologo /W3 /WX- /sdl /O2 /Oi /GL /D NDEBUG /D _CONSOLE /D _UNICODE /D UNICODE /Gm- /EHsc /MD /GS /Gy /fp:precise /Zc:wchar_t /Zc:forScope /Zc:inline /Yu"stdafx.h" /Fp"x64\Release\MotionBasedClassifier.pch" /Fo"x64\Release\\" /Fd"x64\Release\vc140.pdb" /Gd /TP /errorReport:prompt MotionBasedClassifier.cpp
         MotionBasedClassifier.cpp
     1>MotionBasedClassifier.cpp(114): warning C4244: 'argument': conversion from 'float' to 'int', possible loss of data
     1>MotionBasedClassifier.cpp(115): warning C4244: 'argument': conversion from 'float' to 'int', possible loss of data
     1>MotionBasedClassifier.cpp(226): warning C4244: 'argument': conversion from 'float' to 'int', possible loss of data
     1>MotionBasedClassifier.cpp(227): warning C4244: 'argument': conversion from 'float' to 'int', possible loss of data
     1>MotionBasedClassifier.cpp(229): warning C4244: 'initializing': conversion from 'double' to 'float', possible loss of data
     1>MotionBasedClassifier.cpp(230): warning C4244: 'initializing': conversion from 'long double' to 'float', possible loss of data
       Link:
         C:\Program Files (x86)\Microsoft Visual Studio 14.0\VC\bin\x86_amd64\link.exe /ERRORREPORT:PROMPT /OUT:"C:\Users\peter\Documents\Visual Studio 2015\Projects\MotionBasedClassifier\x64\Release\MotionBasedClassifier.exe" /INCREMENTAL:NO /NOLOGO /LIBPATH:C:\opencv\build\x64\vc12\lib opencv_ts300.lib opencv_world300.lib kernel32.lib user32.lib gdi32.lib winspool.lib comdlg32.lib advapi32.lib shell32.lib ole32.lib oleaut32.lib uuid.lib odbc32.lib odbccp32.lib /MANIFEST /MANIFESTUAC:"level='asInvoker' uiAccess='false'" /manifest:embed /Debug /PDB:"C:\Users\peter\Documents\Visual Studio 2015\Projects\MotionBasedClassifier\x64\Release\MotionBasedClassifier.pdb" /SUBSYSTEM:CONSOLE /OPT:REF /OPT:ICF /LTCG:incremental /TLBID:1 /DYNAMICBASE /NXCOMPAT /IMPLIB:"C:\Users\peter\Documents\Visual Studio 2015\Projects\MotionBasedClassifier\x64\Release\MotionBasedClassifier.lib" /MACHINE:X64 x64\Release\MotionBasedClassifier.obj
         x64\Release\stdafx.obj
         Generating code
         11 of 603 functions ( 1.8%) were compiled, the rest were copied from previous compilation.
           2 functions were new in current compilation
           4 functions had inline decision re-evaluated but remain unchanged
         Finished generating code
         MotionBasedClassifier.vcxproj -> C:\Users\peter\Documents\Visual Studio 2015\Projects\MotionBasedClassifier\x64\Release\MotionBasedClassifier.exe
     1>Done Building Project "C:\Users\peter\Documents\Visual Studio 2015\Projects\MotionBasedClassifier\MotionBasedClassifier\MotionBasedClassifier.vcxproj" (Build target(s)).

Build succeeded.

Time Elapsed 00:00:02.63
